android/app/build/intermediates/manifest_merge_blame_file/school3Debug/manifest-merger-blame-school3-debug-report.txt
1<?xml version="1.0" encoding="utf-8"?>
2<manifest xmlns:android="http://schemas.android.com/apk/res/android"
3    package="com.madares.teacher.se"
4    android:versionCode="6"
5    android:versionName="2.1.2" >
6
7    <uses-sdk
8        android:minSdkVersion="26"
9        android:targetSdkVersion="35" />
10    <!--
11         The INTERNET permission is required for development. Specifically,
12         the Flutter tool needs it to communicate with the running application
13         to allow setting breakpoints, to provide hot reload, etc.
14    -->
15    <uses-permission android:name="android.permission.INTERNET" />
15-->src/main/AndroidManifest.xml:3:5-66
15-->src/main/AndroidManifest.xml:3:22-64
16    <uses-permission android:name="android.permission.MODIFY_AUDIO_SETTINGS" />
16-->src/main/AndroidManifest.xml:4:5-80
16-->src/main/AndroidManifest.xml:4:22-77
17    <uses-permission
17-->src/main/AndroidManifest.xml:5:5-79
18        android:name="android.permission.READ_EXTERNAL_STORAGE"
18-->src/main/AndroidManifest.xml:5:22-77
19        android:maxSdkVersion="32" />
19-->[:open_filex] AndroidManifest.xml:10:9-35
20    <uses-permission android:name="android.permission.WRITE_EXTERNAL_STORAGE" />
20-->src/main/AndroidManifest.xml:6:5-80
20-->src/main/AndroidManifest.xml:6:22-78
21    <uses-permission android:name="android.permission.READ_MEDIA_*" />
21-->src/main/AndroidManifest.xml:7:5-70
21-->src/main/AndroidManifest.xml:7:22-68
22    <!--
23 Required to query activities that can process text, see:
24         https://developer.android.com/training/package-visibility and
25         https://developer.android.com/reference/android/content/Intent#ACTION_PROCESS_TEXT.
26
27         In particular, this is used by the Flutter engine in io.flutter.plugin.text.ProcessTextPlugin.
28    -->
29    <queries>
29-->src/main/AndroidManifest.xml:49:5-54:15
30        <intent>
30-->src/main/AndroidManifest.xml:50:9-53:18
31            <action android:name="android.intent.action.PROCESS_TEXT" />
31-->src/main/AndroidManifest.xml:51:13-72
31-->src/main/AndroidManifest.xml:51:21-70
32
33            <data android:mimeType="text/plain" />
33-->src/main/AndroidManifest.xml:52:13-50
33-->src/main/AndroidManifest.xml:52:19-48
34        </intent>
35        <intent>
35-->[:file_picker] AndroidManifest.xml:8:9-12:18
36            <action android:name="android.intent.action.GET_CONTENT" />
36-->[:file_picker] AndroidManifest.xml:9:13-72
36-->[:file_picker] AndroidManifest.xml:9:21-69
37
38            <data android:mimeType="*/*" />
38-->src/main/AndroidManifest.xml:52:13-50
38-->src/main/AndroidManifest.xml:52:19-48
39        </intent>
40    </queries>
41
42    <uses-permission android:name="android.permission.RECORD_AUDIO" />
42-->[:record_android] AndroidManifest.xml:7:5-71
42-->[:record_android] AndroidManifest.xml:7:22-68
43    <uses-permission android:name="android.permission.BROADCAST_CLOSE_SYSTEM_DIALOGS" />
43-->[:awesome_notifications] AndroidManifest.xml:7:5-89
43-->[:awesome_notifications] AndroidManifest.xml:7:22-86
44    <uses-permission android:name="android.permission.ACCESS_NETWORK_STATE" />
44-->[:connectivity_plus] AndroidManifest.xml:7:5-79
44-->[:connectivity_plus] AndroidManifest.xml:7:22-76
45    <uses-permission android:name="android.permission.WAKE_LOCK" /> <!-- Permissions options for the `notification` group -->
45-->[:firebase_messaging] AndroidManifest.xml:8:5-68
45-->[:firebase_messaging] AndroidManifest.xml:8:22-65
46    <uses-permission android:name="android.permission.POST_NOTIFICATIONS" />
46-->[:firebase_messaging] AndroidManifest.xml:11:5-77
46-->[:firebase_messaging] AndroidManifest.xml:11:22-74
47    <uses-permission android:name="android.permission.READ_MEDIA_IMAGES" />
47-->[:open_filex] AndroidManifest.xml:11:5-76
47-->[:open_filex] AndroidManifest.xml:11:22-73
48    <uses-permission android:name="android.permission.READ_MEDIA_VIDEO" />
48-->[:open_filex] AndroidManifest.xml:12:5-75
48-->[:open_filex] AndroidManifest.xml:12:22-72
49    <uses-permission android:name="android.permission.READ_MEDIA_AUDIO" />
49-->[:open_filex] AndroidManifest.xml:13:5-75
49-->[:open_filex] AndroidManifest.xml:13:22-72
50    <uses-permission
50-->[me.carda:AndroidAwnCore:0.10.0] AndroidManifest.xml:9:5-12:47
51        android:name="android.permission.BIND_NOTIFICATION_LISTENER_SERVICE"
51-->[me.carda:AndroidAwnCore:0.10.0] AndroidManifest.xml:10:9-77
52        android:maxSdkVersion="22" /> <!-- Required by older versions of Google Play services to create IID tokens -->
52-->[me.carda:AndroidAwnCore:0.10.0] AndroidManifest.xml:11:9-35
53    <uses-permission android:name="com.google.android.c2dm.permission.RECEIVE" />
53-->[com.google.firebase:firebase-messaging:24.0.3] AndroidManifest.xml:26:5-82
53-->[com.google.firebase:firebase-messaging:24.0.3] AndroidManifest.xml:26:22-79
54
55    <permission
55-->[androidx.core:core:1.13.1] AndroidManifest.xml:22:5-24:47
56        android:name="com.madares.teacher.se.DYNAMIC_RECEIVER_NOT_EXPORTED_PERMISSION"
56-->[androidx.core:core:1.13.1] AndroidManifest.xml:23:9-81
57        android:protectionLevel="signature" />
57-->[androidx.core:core:1.13.1] AndroidManifest.xml:24:9-44
58
59    <uses-permission android:name="com.madares.teacher.se.DYNAMIC_RECEIVER_NOT_EXPORTED_PERMISSION" /> <!-- for android -->
59-->[androidx.core:core:1.13.1] AndroidManifest.xml:26:5-97
59-->[androidx.core:core:1.13.1] AndroidManifest.xml:26:22-94
60    <!-- <uses-permission android:name="com.android.launcher.permission.READ_SETTINGS"/> -->
61    <!-- <uses-permission android:name="com.android.launcher.permission.WRITE_SETTINGS"/> -->
62    <!-- <uses-permission android:name="com.android.launcher.permission.INSTALL_SHORTCUT" /> -->
63    <!-- <uses-permission android:name="com.android.launcher.permission.UNINSTALL_SHORTCUT" /> -->
64    <!-- for Samsung -->
65    <uses-permission android:name="com.sec.android.provider.badge.permission.READ" />
65-->[me.leolin:ShortcutBadger:1.1.22] AndroidManifest.xml:19:5-86
65-->[me.leolin:ShortcutBadger:1.1.22] AndroidManifest.xml:19:22-83
66    <uses-permission android:name="com.sec.android.provider.badge.permission.WRITE" /> <!-- for htc -->
66-->[me.leolin:ShortcutBadger:1.1.22] AndroidManifest.xml:20:5-87
66-->[me.leolin:ShortcutBadger:1.1.22] AndroidManifest.xml:20:22-84
67    <uses-permission android:name="com.htc.launcher.permission.READ_SETTINGS" />
67-->[me.leolin:ShortcutBadger:1.1.22] AndroidManifest.xml:23:5-81
67-->[me.leolin:ShortcutBadger:1.1.22] AndroidManifest.xml:23:22-78
68    <uses-permission android:name="com.htc.launcher.permission.UPDATE_SHORTCUT" /> <!-- for sony -->
68-->[me.leolin:ShortcutBadger:1.1.22] AndroidManifest.xml:24:5-83
68-->[me.leolin:ShortcutBadger:1.1.22] AndroidManifest.xml:24:22-80
69    <uses-permission android:name="com.sonyericsson.home.permission.BROADCAST_BADGE" />
69-->[me.leolin:ShortcutBadger:1.1.22] AndroidManifest.xml:27:5-88
69-->[me.leolin:ShortcutBadger:1.1.22] AndroidManifest.xml:27:22-85
70    <uses-permission android:name="com.sonymobile.home.permission.PROVIDER_INSERT_BADGE" /> <!-- for apex -->
70-->[me.leolin:ShortcutBadger:1.1.22] AndroidManifest.xml:28:5-92
70-->[me.leolin:ShortcutBadger:1.1.22] AndroidManifest.xml:28:22-89
71    <uses-permission android:name="com.anddoes.launcher.permission.UPDATE_COUNT" /> <!-- for solid -->
71-->[me.leolin:ShortcutBadger:1.1.22] AndroidManifest.xml:31:5-84
71-->[me.leolin:ShortcutBadger:1.1.22] AndroidManifest.xml:31:22-81
72    <uses-permission android:name="com.majeur.launcher.permission.UPDATE_BADGE" /> <!-- for huawei -->
72-->[me.leolin:ShortcutBadger:1.1.22] AndroidManifest.xml:34:5-83
72-->[me.leolin:ShortcutBadger:1.1.22] AndroidManifest.xml:34:22-80
73    <uses-permission android:name="com.huawei.android.launcher.permission.CHANGE_BADGE" />
73-->[me.leolin:ShortcutBadger:1.1.22] AndroidManifest.xml:37:5-91
73-->[me.leolin:ShortcutBadger:1.1.22] AndroidManifest.xml:37:22-88
74    <uses-permission android:name="com.huawei.android.launcher.permission.READ_SETTINGS" />
74-->[me.leolin:ShortcutBadger:1.1.22] AndroidManifest.xml:38:5-92
74-->[me.leolin:ShortcutBadger:1.1.22] AndroidManifest.xml:38:22-89
75    <uses-permission android:name="com.huawei.android.launcher.permission.WRITE_SETTINGS" /> <!-- for ZUK -->
75-->[me.leolin:ShortcutBadger:1.1.22] AndroidManifest.xml:39:5-93
75-->[me.leolin:ShortcutBadger:1.1.22] AndroidManifest.xml:39:22-90
76    <uses-permission android:name="android.permission.READ_APP_BADGE" /> <!-- for OPPO -->
76-->[me.leolin:ShortcutBadger:1.1.22] AndroidManifest.xml:42:5-73
76-->[me.leolin:ShortcutBadger:1.1.22] AndroidManifest.xml:42:22-70
77    <uses-permission android:name="com.oppo.launcher.permission.READ_SETTINGS" />
77-->[me.leolin:ShortcutBadger:1.1.22] AndroidManifest.xml:45:5-82
77-->[me.leolin:ShortcutBadger:1.1.22] AndroidManifest.xml:45:22-79
78    <uses-permission android:name="com.oppo.launcher.permission.WRITE_SETTINGS" /> <!-- for EvMe -->
78-->[me.leolin:ShortcutBadger:1.1.22] AndroidManifest.xml:46:5-83
78-->[me.leolin:ShortcutBadger:1.1.22] AndroidManifest.xml:46:22-80
79    <uses-permission android:name="me.everything.badger.permission.BADGE_COUNT_READ" />
79-->[me.leolin:ShortcutBadger:1.1.22] AndroidManifest.xml:49:5-88
79-->[me.leolin:ShortcutBadger:1.1.22] AndroidManifest.xml:49:22-85
80    <uses-permission android:name="me.everything.badger.permission.BADGE_COUNT_WRITE" />
80-->[me.leolin:ShortcutBadger:1.1.22] AndroidManifest.xml:50:5-89
80-->[me.leolin:ShortcutBadger:1.1.22] AndroidManifest.xml:50:22-86
81
82    <application
83        android:name="android.app.Application"
84        android:appComponentFactory="androidx.core.app.CoreComponentFactory"
84-->[androidx.core:core:1.13.1] AndroidManifest.xml:28:18-86
85        android:debuggable="true"
86        android:extractNativeLibs="false"
87        android:icon="@mipmap/ic_launcher"
88        android:label="@string/app_name" >
89        <activity
90            android:name="com.madares.teacher.MainActivity"
91            android:configChanges="orientation|keyboardHidden|keyboard|screenSize|smallestScreenSize|locale|layoutDirection|fontScale|screenLayout|density|uiMode"
92            android:exported="true"
93            android:hardwareAccelerated="true"
94            android:launchMode="singleTop"
95            android:taskAffinity=""
96            android:theme="@style/LaunchTheme"
97            android:windowSoftInputMode="adjustResize" >
98
99            <!--
100                 Specifies an Android theme to apply to this Activity as soon as
101                 the Android process has started. This theme is visible to the user
102                 while the Flutter UI initializes. After that, this theme continues
103                 to determine the Window background behind the Flutter UI.
104            -->
105            <meta-data
106                android:name="io.flutter.embedding.android.NormalTheme"
107                android:resource="@style/NormalTheme" />
108
109            <intent-filter>
110                <action android:name="android.intent.action.MAIN" />
111
112                <category android:name="android.intent.category.LAUNCHER" />
113            </intent-filter>
114        </activity>
115        <!--
116             Don't delete the meta-data below.
117             This is used by the Flutter tool to generate GeneratedPluginRegistrant.java
118        -->
119        <meta-data
120            android:name="flutterEmbedding"
121            android:value="2" />
122
123        <receiver
123-->[:awesome_notifications] AndroidManifest.xml:10:9-12:39
124            android:name="me.carda.awesome_notifications.DartNotificationActionReceiver"
124-->[:awesome_notifications] AndroidManifest.xml:11:13-89
125            android:exported="true" />
125-->[:awesome_notifications] AndroidManifest.xml:12:13-36
126        <receiver
126-->[:awesome_notifications] AndroidManifest.xml:13:9-15:39
127            android:name="me.carda.awesome_notifications.DartDismissedNotificationReceiver"
127-->[:awesome_notifications] AndroidManifest.xml:14:13-92
128            android:exported="true" />
128-->[:awesome_notifications] AndroidManifest.xml:15:13-36
129        <receiver
129-->[:awesome_notifications] AndroidManifest.xml:16:9-18:39
130            android:name="me.carda.awesome_notifications.DartScheduledNotificationReceiver"
130-->[:awesome_notifications] AndroidManifest.xml:17:13-92
131            android:exported="true" />
131-->[:awesome_notifications] AndroidManifest.xml:18:13-36
132        <receiver
132-->[:awesome_notifications] AndroidManifest.xml:19:9-33:20
133            android:name="me.carda.awesome_notifications.DartRefreshSchedulesReceiver"
133-->[:awesome_notifications] AndroidManifest.xml:20:13-87
134            android:enabled="true"
134-->[:awesome_notifications] AndroidManifest.xml:21:13-35
135            android:exported="true" >
135-->[:awesome_notifications] AndroidManifest.xml:22:13-36
136            <intent-filter>
136-->[:awesome_notifications] AndroidManifest.xml:23:13-32:29
137                <category android:name="android.intent.category.DEFAULT" />
137-->[:awesome_notifications] AndroidManifest.xml:24:17-76
137-->[:awesome_notifications] AndroidManifest.xml:24:27-73
138
139                <action android:name="android.intent.action.BOOT_COMPLETED" />
139-->[:awesome_notifications] AndroidManifest.xml:26:17-79
139-->[:awesome_notifications] AndroidManifest.xml:26:25-76
140                <action android:name="android.intent.action.LOCKED_BOOT_COMPLETED" />
140-->[:awesome_notifications] AndroidManifest.xml:27:17-86
140-->[:awesome_notifications] AndroidManifest.xml:27:25-83
141                <action android:name="android.intent.action.MY_PACKAGE_REPLACED" />
141-->[:awesome_notifications] AndroidManifest.xml:28:17-84
141-->[:awesome_notifications] AndroidManifest.xml:28:25-81
142                <action android:name="android.intent.action.QUICKBOOT_POWERON" />
142-->[:awesome_notifications] AndroidManifest.xml:29:17-82
142-->[:awesome_notifications] AndroidManifest.xml:29:25-79
143                <action android:name="com.htc.intent.action.QUICKBOOT_POWERON" />
143-->[:awesome_notifications] AndroidManifest.xml:30:17-82
143-->[:awesome_notifications] AndroidManifest.xml:30:25-79
144                <action android:name="android.app.action.SCHEDULE_EXACT_ALARM_PERMISSION_STATE_CHANGED" />
144-->[:awesome_notifications] AndroidManifest.xml:31:17-107
144-->[:awesome_notifications] AndroidManifest.xml:31:25-104
145            </intent-filter>
146        </receiver>
147
148        <service
148-->[:awesome_notifications] AndroidManifest.xml:35:9-38:72
149            android:name="me.carda.awesome_notifications.DartBackgroundService"
149-->[:awesome_notifications] AndroidManifest.xml:36:13-80
150            android:exported="false"
150-->[:awesome_notifications] AndroidManifest.xml:37:13-37
151            android:permission="android.permission.BIND_JOB_SERVICE" />
151-->[:awesome_notifications] AndroidManifest.xml:38:13-69
152        <service
152-->[:awesome_notifications] AndroidManifest.xml:39:9-44:43
153            android:name="me.carda.awesome_notifications.core.services.ForegroundService"
153-->[:awesome_notifications] AndroidManifest.xml:40:13-90
154            android:enabled="true"
154-->[:awesome_notifications] AndroidManifest.xml:41:13-35
155            android:exported="false"
155-->[:awesome_notifications] AndroidManifest.xml:42:13-37
156            android:foregroundServiceType="phoneCall"
156-->[:awesome_notifications] AndroidManifest.xml:43:13-54
157            android:stopWithTask="true" />
157-->[:awesome_notifications] AndroidManifest.xml:44:13-40
158        <service
158-->[:firebase_messaging] AndroidManifest.xml:14:9-17:72
159            android:name="io.flutter.plugins.firebase.messaging.FlutterFirebaseMessagingBackgroundService"
159-->[:firebase_messaging] AndroidManifest.xml:15:13-107
160            android:exported="false"
160-->[:firebase_messaging] AndroidManifest.xml:16:13-37
161            android:permission="android.permission.BIND_JOB_SERVICE" />
161-->[:firebase_messaging] AndroidManifest.xml:17:13-69
162        <service
162-->[:firebase_messaging] AndroidManifest.xml:18:9-24:19
163            android:name="io.flutter.plugins.firebase.messaging.FlutterFirebaseMessagingService"
163-->[:firebase_messaging] AndroidManifest.xml:19:13-97
164            android:exported="false" >
164-->[:firebase_messaging] AndroidManifest.xml:20:13-37
165            <intent-filter>
165-->[:firebase_messaging] AndroidManifest.xml:21:13-23:29
166                <action android:name="com.google.firebase.MESSAGING_EVENT" />
166-->[:firebase_messaging] AndroidManifest.xml:22:17-78
166-->[:firebase_messaging] AndroidManifest.xml:22:25-75
167            </intent-filter>
168        </service>
169
170        <receiver
170-->[:firebase_messaging] AndroidManifest.xml:26:9-33:20
171            android:name="io.flutter.plugins.firebase.messaging.FlutterFirebaseMessagingReceiver"
171-->[:firebase_messaging] AndroidManifest.xml:27:13-98
172            android:exported="true"
172-->[:firebase_messaging] AndroidManifest.xml:28:13-36
173            android:permission="com.google.android.c2dm.permission.SEND" >
173-->[:firebase_messaging] AndroidManifest.xml:29:13-73
174            <intent-filter>
174-->[:firebase_messaging] AndroidManifest.xml:30:13-32:29
175                <action android:name="com.google.android.c2dm.intent.RECEIVE" />
175-->[:firebase_messaging] AndroidManifest.xml:31:17-81
175-->[:firebase_messaging] AndroidManifest.xml:31:25-78
176            </intent-filter>
177        </receiver>
178
179        <service
179-->[:firebase_messaging] AndroidManifest.xml:35:9-39:19
180            android:name="com.google.firebase.components.ComponentDiscoveryService"
180-->[:firebase_messaging] AndroidManifest.xml:35:18-89
181            android:directBootAware="true"
181-->[com.google.firebase:firebase-common:21.0.0] AndroidManifest.xml:32:13-43
182            android:exported="false" >
182-->[com.google.firebase:firebase-messaging:24.0.3] AndroidManifest.xml:56:13-37
183            <meta-data
183-->[:firebase_messaging] AndroidManifest.xml:36:13-38:85
184                android:name="com.google.firebase.components:io.flutter.plugins.firebase.messaging.FlutterFirebaseAppRegistrar"
184-->[:firebase_messaging] AndroidManifest.xml:37:17-128
185                android:value="com.google.firebase.components.ComponentRegistrar" />
185-->[:firebase_messaging] AndroidManifest.xml:38:17-82
186            <meta-data
186-->[:firebase_core] AndroidManifest.xml:9:13-11:85
187                android:name="com.google.firebase.components:io.flutter.plugins.firebase.core.FlutterFirebaseCoreRegistrar"
187-->[:firebase_core] AndroidManifest.xml:10:17-124
188                android:value="com.google.firebase.components.ComponentRegistrar" />
188-->[:firebase_core] AndroidManifest.xml:11:17-82
189            <meta-data
189-->[com.google.firebase:firebase-messaging:24.0.3] AndroidManifest.xml:57:13-59:85
190                android:name="com.google.firebase.components:com.google.firebase.messaging.FirebaseMessagingKtxRegistrar"
190-->[com.google.firebase:firebase-messaging:24.0.3] AndroidManifest.xml:58:17-122
191                android:value="com.google.firebase.components.ComponentRegistrar" />
191-->[com.google.firebase:firebase-messaging:24.0.3] AndroidManifest.xml:59:17-82
192            <meta-data
192-->[com.google.firebase:firebase-messaging:24.0.3] AndroidManifest.xml:60:13-62:85
193                android:name="com.google.firebase.components:com.google.firebase.messaging.FirebaseMessagingRegistrar"
193-->[com.google.firebase:firebase-messaging:24.0.3] AndroidManifest.xml:61:17-119
194                android:value="com.google.firebase.components.ComponentRegistrar" />
194-->[com.google.firebase:firebase-messaging:24.0.3] AndroidManifest.xml:62:17-82
195            <meta-data
195-->[com.google.firebase:firebase-installations:18.0.0] AndroidManifest.xml:15:13-17:85
196                android:name="com.google.firebase.components:com.google.firebase.installations.FirebaseInstallationsKtxRegistrar"
196-->[com.google.firebase:firebase-installations:18.0.0] AndroidManifest.xml:16:17-130
197                android:value="com.google.firebase.components.ComponentRegistrar" />
197-->[com.google.firebase:firebase-installations:18.0.0] AndroidManifest.xml:17:17-82
198            <meta-data
198-->[com.google.firebase:firebase-installations:18.0.0] AndroidManifest.xml:18:13-20:85
199                android:name="com.google.firebase.components:com.google.firebase.installations.FirebaseInstallationsRegistrar"
199-->[com.google.firebase:firebase-installations:18.0.0] AndroidManifest.xml:19:17-127
200                android:value="com.google.firebase.components.ComponentRegistrar" />
200-->[com.google.firebase:firebase-installations:18.0.0] AndroidManifest.xml:20:17-82
201            <meta-data
201-->[com.google.firebase:firebase-common-ktx:21.0.0] AndroidManifest.xml:12:13-14:85
202                android:name="com.google.firebase.components:com.google.firebase.ktx.FirebaseCommonLegacyRegistrar"
202-->[com.google.firebase:firebase-common-ktx:21.0.0] AndroidManifest.xml:13:17-116
203                android:value="com.google.firebase.components.ComponentRegistrar" />
203-->[com.google.firebase:firebase-common-ktx:21.0.0] AndroidManifest.xml:14:17-82
204            <meta-data
204-->[com.google.firebase:firebase-common:21.0.0] AndroidManifest.xml:35:13-37:85
205                android:name="com.google.firebase.components:com.google.firebase.FirebaseCommonKtxRegistrar"
205-->[com.google.firebase:firebase-common:21.0.0] AndroidManifest.xml:36:17-109
206                android:value="com.google.firebase.components.ComponentRegistrar" />
206-->[com.google.firebase:firebase-common:21.0.0] AndroidManifest.xml:37:17-82
207            <meta-data
207-->[com.google.firebase:firebase-datatransport:18.2.0] AndroidManifest.xml:25:13-27:85
208                android:name="com.google.firebase.components:com.google.firebase.datatransport.TransportRegistrar"
208-->[com.google.firebase:firebase-datatransport:18.2.0] AndroidManifest.xml:26:17-115
209                android:value="com.google.firebase.components.ComponentRegistrar" />
209-->[com.google.firebase:firebase-datatransport:18.2.0] AndroidManifest.xml:27:17-82
210        </service>
211
212        <provider
212-->[:firebase_messaging] AndroidManifest.xml:41:9-45:38
213            android:name="io.flutter.plugins.firebase.messaging.FlutterFirebaseMessagingInitProvider"
213-->[:firebase_messaging] AndroidManifest.xml:42:13-102
214            android:authorities="com.madares.teacher.se.flutterfirebasemessaginginitprovider"
214-->[:firebase_messaging] AndroidManifest.xml:43:13-88
215            android:exported="false"
215-->[:firebase_messaging] AndroidManifest.xml:44:13-37
216            android:initOrder="99" />
216-->[:firebase_messaging] AndroidManifest.xml:45:13-35
217        <provider
217-->[:image_picker_android] AndroidManifest.xml:9:9-17:20
218            android:name="io.flutter.plugins.imagepicker.ImagePickerFileProvider"
218-->[:image_picker_android] AndroidManifest.xml:10:13-82
219            android:authorities="com.madares.teacher.se.flutter.image_provider"
219-->[:image_picker_android] AndroidManifest.xml:11:13-74
220            android:exported="false"
220-->[:image_picker_android] AndroidManifest.xml:12:13-37
221            android:grantUriPermissions="true" >
221-->[:image_picker_android] AndroidManifest.xml:13:13-47
222            <meta-data
222-->[:image_picker_android] AndroidManifest.xml:14:13-16:75
223                android:name="android.support.FILE_PROVIDER_PATHS"
223-->[:image_picker_android] AndroidManifest.xml:15:17-67
224                android:resource="@xml/flutter_image_picker_file_paths" />
224-->[:image_picker_android] AndroidManifest.xml:16:17-72
225        </provider> <!-- Trigger Google Play services to install the backported photo picker module. -->
226        <service
226-->[:image_picker_android] AndroidManifest.xml:19:9-31:19
227            android:name="com.google.android.gms.metadata.ModuleDependencies"
227-->[:image_picker_android] AndroidManifest.xml:20:13-78
228            android:enabled="false"
228-->[:image_picker_android] AndroidManifest.xml:21:13-36
229            android:exported="false" >
229-->[:image_picker_android] AndroidManifest.xml:22:13-37
230            <intent-filter>
230-->[:image_picker_android] AndroidManifest.xml:24:13-26:29
231                <action android:name="com.google.android.gms.metadata.MODULE_DEPENDENCIES" />
231-->[:image_picker_android] AndroidManifest.xml:25:17-94
231-->[:image_picker_android] AndroidManifest.xml:25:25-91
232            </intent-filter>
233
234            <meta-data
234-->[:image_picker_android] AndroidManifest.xml:28:13-30:36
235                android:name="photopicker_activity:0:required"
235-->[:image_picker_android] AndroidManifest.xml:29:17-63
236                android:value="" />
236-->[:image_picker_android] AndroidManifest.xml:30:17-33
237        </service>
238
239        <provider
239-->[:open_filex] AndroidManifest.xml:16:9-25:20
240            android:name="com.crazecoder.openfile.FileProvider"
240-->[:open_filex] AndroidManifest.xml:17:13-64
241            android:authorities="com.madares.teacher.se.fileProvider.com.crazecoder.openfile"
241-->[:open_filex] AndroidManifest.xml:18:13-88
242            android:exported="false"
242-->[:open_filex] AndroidManifest.xml:19:13-37
243            android:grantUriPermissions="true" >
243-->[:open_filex] AndroidManifest.xml:20:13-47
244            <meta-data
244-->[:image_picker_android] AndroidManifest.xml:14:13-16:75
245                android:name="android.support.FILE_PROVIDER_PATHS"
245-->[:image_picker_android] AndroidManifest.xml:15:17-67
246                android:resource="@xml/filepaths" />
246-->[:image_picker_android] AndroidManifest.xml:16:17-72
247        </provider>
248
249        <activity
249-->[:url_launcher_android] AndroidManifest.xml:8:9-11:74
250            android:name="io.flutter.plugins.urllauncher.WebViewActivity"
250-->[:url_launcher_android] AndroidManifest.xml:9:13-74
251            android:exported="false"
251-->[:url_launcher_android] AndroidManifest.xml:10:13-37
252            android:theme="@android:style/Theme.NoTitleBar.Fullscreen" />
252-->[:url_launcher_android] AndroidManifest.xml:11:13-71
253
254        <service
254-->[me.carda:AndroidAwnCore:0.10.0] AndroidManifest.xml:21:9-28:19
255            android:name="me.carda.awesome_notifications.core.managers.StatusBarManager"
255-->[me.carda:AndroidAwnCore:0.10.0] AndroidManifest.xml:22:13-89
256            android:exported="true"
256-->[me.carda:AndroidAwnCore:0.10.0] AndroidManifest.xml:23:13-36
257            android:label="My Notification Listener Service" >
257-->[me.carda:AndroidAwnCore:0.10.0] AndroidManifest.xml:24:13-61
258            <intent-filter>
258-->[me.carda:AndroidAwnCore:0.10.0] AndroidManifest.xml:25:13-27:29
259                <action android:name="android.service.notification.NotificationListenerService" />
259-->[me.carda:AndroidAwnCore:0.10.0] AndroidManifest.xml:26:17-99
259-->[me.carda:AndroidAwnCore:0.10.0] AndroidManifest.xml:26:25-96
260            </intent-filter>
261        </service>
262
263        <receiver
263-->[com.google.firebase:firebase-messaging:24.0.3] AndroidManifest.xml:29:9-40:20
264            android:name="com.google.firebase.iid.FirebaseInstanceIdReceiver"
264-->[com.google.firebase:firebase-messaging:24.0.3] AndroidManifest.xml:30:13-78
265            android:exported="true"
265-->[com.google.firebase:firebase-messaging:24.0.3] AndroidManifest.xml:31:13-36
266            android:permission="com.google.android.c2dm.permission.SEND" >
266-->[com.google.firebase:firebase-messaging:24.0.3] AndroidManifest.xml:32:13-73
267            <intent-filter>
267-->[:firebase_messaging] AndroidManifest.xml:30:13-32:29
268                <action android:name="com.google.android.c2dm.intent.RECEIVE" />
268-->[:firebase_messaging] AndroidManifest.xml:31:17-81
268-->[:firebase_messaging] AndroidManifest.xml:31:25-78
269            </intent-filter>
270
271            <meta-data
271-->[com.google.firebase:firebase-messaging:24.0.3] AndroidManifest.xml:37:13-39:40
272                android:name="com.google.android.gms.cloudmessaging.FINISHED_AFTER_HANDLED"
272-->[com.google.firebase:firebase-messaging:24.0.3] AndroidManifest.xml:38:17-92
273                android:value="true" />
273-->[com.google.firebase:firebase-messaging:24.0.3] AndroidManifest.xml:39:17-37
274        </receiver>
275        <!--
276             FirebaseMessagingService performs security checks at runtime,
277             but set to not exported to explicitly avoid allowing another app to call it.
278        -->
279        <service
279-->[com.google.firebase:firebase-messaging:24.0.3] AndroidManifest.xml:46:9-53:19
280            android:name="com.google.firebase.messaging.FirebaseMessagingService"
280-->[com.google.firebase:firebase-messaging:24.0.3] AndroidManifest.xml:47:13-82
281            android:directBootAware="true"
281-->[com.google.firebase:firebase-messaging:24.0.3] AndroidManifest.xml:48:13-43
282            android:exported="false" >
282-->[com.google.firebase:firebase-messaging:24.0.3] AndroidManifest.xml:49:13-37
283            <intent-filter android:priority="-500" >
283-->[:firebase_messaging] AndroidManifest.xml:21:13-23:29
284                <action android:name="com.google.firebase.MESSAGING_EVENT" />
284-->[:firebase_messaging] AndroidManifest.xml:22:17-78
284-->[:firebase_messaging] AndroidManifest.xml:22:25-75
285            </intent-filter>
286        </service>
287
288        <activity
288-->[com.google.android.gms:play-services-base:18.0.1] AndroidManifest.xml:20:9-22:45